<?xml version="1.0" encoding="UTF-8"?>
<!-- Generated by org.testng.reporters.JUnitReportReporter -->
<testsuite hostname="a" failures="0" tests="1" name="TestCases.VerifySearchBus" time="66.518" errors="0" timestamp="2023-03-02T12:26:24 IST" skipped="0">
  <testcase classname="TestCases.VerifySearchBus" name="searchBus" time="66.518"/>
  <system-out/>
</testsuite> <!-- TestCases.VerifySearchBus -->
