<?xml version="1.0" encoding="UTF-8"?>
<!-- Generated by org.testng.reporters.JUnitReportReporter -->
<testsuite hostname="a" failures="0" tests="1" name="TestCases.VerifySearchCab" time="87.400" errors="0" timestamp="2023-02-27T14:29:17 IST" skipped="0">
  <testcase classname="TestCases.VerifySearchCab" name="searchCabb" time="87.400"/>
  <system-out/>
</testsuite> <!-- TestCases.VerifySearchCab -->
